0 info it worked if it ends with ok
1 verbose cli [ 'C:\\Program Files\\nodejs\\node.exe',
1 verbose cli   'C:\\Users\\mdonsimoni\\AppData\\Roaming\\npm\\node_modules\\npm\\bin\\npm-cli.js',
1 verbose cli   'run',
1 verbose cli   'build' ]
2 info using npm@4.0.3
3 info using node@v6.9.1
4 verbose run-script [ 'prebuild', 'build', 'postbuild' ]
5 info lifecycle mdox@1.0.0~prebuild: mdox@1.0.0
6 silly lifecycle mdox@1.0.0~prebuild: no script for prebuild, continuing
7 info lifecycle mdox@1.0.0~build: mdox@1.0.0
8 verbose lifecycle mdox@1.0.0~build: unsafe-perm in lifecycle true
9 verbose lifecycle mdox@1.0.0~build: PATH: C:\Users\mdonsimoni\AppData\Roaming\npm\node_modules\npm\bin\node-gyp-bin;C:\nui\apps\_mdox_\node_modules\.bin;C:\ProgramData\Oracle\Java\javapath;C:\Program Files (x86)\Intel\iCLS Client\;C:\Program Files\Intel\iCLS Client\;C:\Windows\system32;C:\Windows;C:\Windows\System32\Wbem;C:\Windows\System32\WindowsPowerShell\v1.0\;C:\Program Files (x86)\Intel\OpenCL SDK\3.0\bin\x86;C:\Program Files (x86)\Intel\OpenCL SDK\3.0\bin\x64;C:\Program Files\Intel\Intel(R) Management Engine Components\DAL;C:\Program Files\Intel\Intel(R) Management Engine Components\IPT;C:\Program Files (x86)\Intel\Intel(R) Management Engine Components\DAL;C:\Program Files (x86)\Intel\Intel(R) Management Engine Components\IPT;C:\Program Files (x86)\Common Files\Ulead Systems\MPEG;C:\Program Files (x86)\Common Files\Lenovo;C:\Program Files\TortoiseSVN\bin;C:\Program Files\Java\jdk1.8.0_45\bin;C:\Program Files (x86)\Common Files\Sony Shared\FeliCaLibrary;C:\Program Files\Common Files\Sony Shared\FeliCaLibrary;C:\Program Files (x86)\Common Files\Sony Shared\FeliCaNFCLibrary;C:\Program Files\Common Files\Sony Shared\FeliCaNFCLibrary;C:\Program Files\Intel\WiFi\bin\;C:\Program Files\Common Files\Intel\WirelessCommon\;C:\Program Files\Git\cmd;C:\Program Files\nodejs\;C:\Program Files (x86)\Windows Kits\8.1\Windows Performance Toolkit\;C:\Program Files (x86)\Sennheiser\SoftphoneSDK\;C:\HashiCorp\Vagrant\bin;C:\Users\mdonsimoni\AppData\Roaming\npm;C:\Users\mdonsimoni\AppData\Local\atom\bin;C:\Program Files\Git\usr\bin;C:\Users\mdonsimoni\AppData\Local\Box\Box Edit\
10 verbose lifecycle mdox@1.0.0~build: CWD: C:\nui\apps\_mdox_
11 silly lifecycle mdox@1.0.0~build: Args: [ '/d /s /c', 'react-scripts build' ]
12 silly lifecycle mdox@1.0.0~build: Returned: code: 1  signal: null
13 info lifecycle mdox@1.0.0~build: Failed to exec build script
14 verbose stack Error: mdox@1.0.0 build: `react-scripts build`
14 verbose stack Exit status 1
14 verbose stack     at EventEmitter.<anonymous> (C:\Users\mdonsimoni\AppData\Roaming\npm\node_modules\npm\lib\utils\lifecycle.js:279:16)
14 verbose stack     at emitTwo (events.js:106:13)
14 verbose stack     at EventEmitter.emit (events.js:191:7)
14 verbose stack     at ChildProcess.<anonymous> (C:\Users\mdonsimoni\AppData\Roaming\npm\node_modules\npm\lib\utils\spawn.js:40:14)
14 verbose stack     at emitTwo (events.js:106:13)
14 verbose stack     at ChildProcess.emit (events.js:191:7)
14 verbose stack     at maybeClose (internal/child_process.js:877:16)
14 verbose stack     at Process.ChildProcess._handle.onexit (internal/child_process.js:226:5)
15 verbose pkgid mdox@1.0.0
16 verbose cwd C:\nui\apps\_mdox_
17 error Windows_NT 6.1.7601
18 error argv "C:\\Program Files\\nodejs\\node.exe" "C:\\Users\\mdonsimoni\\AppData\\Roaming\\npm\\node_modules\\npm\\bin\\npm-cli.js" "run" "build"
19 error node v6.9.1
20 error npm  v4.0.3
21 error code ELIFECYCLE
22 error mdox@1.0.0 build: `react-scripts build`
22 error Exit status 1
23 error Failed at the mdox@1.0.0 build script 'react-scripts build'.
23 error Make sure you have the latest version of node.js and npm installed.
23 error If you do, this is most likely a problem with the mdox package,
23 error not with npm itself.
23 error Tell the author that this fails on your system:
23 error     react-scripts build
23 error You can get information on how to open an issue for this project with:
23 error     npm bugs mdox
23 error Or if that isn't available, you can get their info via:
23 error     npm owner ls mdox
23 error There is likely additional logging output above.
24 verbose exit [ 1, true ]
